<?xml version="1.0" encoding="UTF-8"?>
<coverage generated="1591201116543" clover="3.2.0">
  <project timestamp="1591201116543" name="All files">
    <metrics statements="45" coveredstatements="45" conditionals="4" coveredconditionals="4" methods="15" coveredmethods="15" elements="64" coveredelements="64" complexity="0" loc="45" ncloc="45" packages="3" files="4" classes="4"/>
    <package name="NodeforFileEdit">
      <metrics statements="17" coveredstatements="17" conditionals="0" coveredconditionals="0" methods="1" coveredmethods="1"/>
      <file name="app.js" path="C:\Users\503188394\Projects\27.05.2020\miscellenous-master\NodeforFileEdit\app.js">
        <metrics statements="9" coveredstatements="9" conditionals="0" coveredconditionals="0" methods="0" coveredmethods="0"/>
        <line num="1" count="1" type="stmt"/>
        <line num="2" count="1" type="stmt"/>
        <line num="3" count="1" type="stmt"/>
        <line num="5" count="1" type="stmt"/>
        <line num="6" count="1" type="stmt"/>
        <line num="7" count="1" type="stmt"/>
        <line num="8" count="1" type="stmt"/>
        <line num="10" count="1" type="stmt"/>
        <line num="13" count="1" type="stmt"/>
      </file>
      <file name="server.js" path="C:\Users\503188394\Projects\27.05.2020\miscellenous-master\NodeforFileEdit\server.js">
        <metrics statements="8" coveredstatements="8" conditionals="0" coveredconditionals="0" methods="1" coveredmethods="1"/>
        <line num="1" count="1" type="stmt"/>
        <line num="2" count="1" type="stmt"/>
        <line num="3" count="1" type="stmt"/>
        <line num="4" count="1" type="stmt"/>
        <line num="6" count="1" type="stmt"/>
        <line num="8" count="1" type="stmt"/>
        <line num="9" count="1" type="stmt"/>
        <line num="12" count="1" type="stmt"/>
      </file>
    </package>
    <package name="NodeforFileEdit.controller">
      <metrics statements="10" coveredstatements="10" conditionals="0" coveredconditionals="0" methods="6" coveredmethods="6"/>
      <file name="file-editorController.js" path="C:\Users\503188394\Projects\27.05.2020\miscellenous-master\NodeforFileEdit\controller\file-editorController.js">
        <metrics statements="10" coveredstatements="10" conditionals="0" coveredconditionals="0" methods="6" coveredmethods="6"/>
        <line num="1" count="2" type="stmt"/>
        <line num="2" count="2" type="stmt"/>
        <line num="5" count="3" type="stmt"/>
        <line num="6" count="1" type="stmt"/>
        <line num="7" count="1" type="stmt"/>
        <line num="10" count="2" type="stmt"/>
        <line num="11" count="3" type="stmt"/>
        <line num="12" count="1" type="stmt"/>
        <line num="14" count="1" type="stmt"/>
        <line num="20" count="2" type="stmt"/>
      </file>
    </package>
    <package name="NodeforFileEdit.service">
      <metrics statements="18" coveredstatements="18" conditionals="4" coveredconditionals="4" methods="8" coveredmethods="8"/>
      <file name="fileutil.js" path="C:\Users\503188394\Projects\27.05.2020\miscellenous-master\NodeforFileEdit\service\fileutil.js">
        <metrics statements="18" coveredstatements="18" conditionals="4" coveredconditionals="4" methods="8" coveredmethods="8"/>
        <line num="1" count="3" type="stmt"/>
        <line num="8" count="5" type="stmt"/>
        <line num="9" count="5" type="stmt"/>
        <line num="10" count="5" type="stmt"/>
        <line num="12" count="4" type="stmt"/>
        <line num="13" count="8" type="stmt"/>
        <line num="14" count="8" type="stmt"/>
        <line num="17" count="4" type="stmt"/>
        <line num="18" count="4" type="stmt"/>
        <line num="20" count="4" type="cond" truecount="2" falsecount="0"/>
        <line num="22" count="2" type="stmt"/>
        <line num="24" count="4" type="stmt"/>
        <line num="32" count="5" type="stmt"/>
        <line num="33" count="5" type="stmt"/>
        <line num="34" count="4" type="cond" truecount="2" falsecount="0"/>
        <line num="35" count="2" type="stmt"/>
        <line num="37" count="4" type="stmt"/>
        <line num="49" count="3" type="stmt"/>
      </file>
    </package>
  </project>
</coverage>
