{"C:\\Users\\503188394\\Projects\\27.05.2020\\miscellenous-master\\NodeforFileEdit\\app.js": {"path":"C:\\Users\\503188394\\Projects\\27.05.2020\\miscellenous-master\\NodeforFileEdit\\app.js","statementMap":{"0":{"start":{"line":1,"column":16},"end":{"line":1,"column":34}},"1":{"start":{"line":2,"column":19},"end":{"line":2,"column":41}},"2":{"start":{"line":3,"column":12},"end":{"line":3,"column":21}},"3":{"start":{"line":5,"column":23},"end":{"line":5,"column":71}},"4":{"start":{"line":6,"column":17},"end":{"line":6,"column":37}},"5":{"start":{"line":7,"column":0},"end":{"line":7,"column":52}},"6":{"start":{"line":8,"column":0},"end":{"line":8,"column":44}},"7":{"start":{"line":10,"column":0},"end":{"line":10,"column":50}},"8":{"start":{"line":13,"column":0},"end":{"line":13,"column":21}}},"fnMap":{},"branchMap":{},"s":{"0":1,"1":1,"2":1,"3":1,"4":1,"5":1,"6":1,"7":1,"8":1},"f":{},"b":{},"_coverageSchema":"1a1c01bbd47fc00a2c39e90264f33305004495a9","hash":"a9541e4b753297572ad4f64ae0bbf43a33166b9e"}
,"C:\\Users\\503188394\\Projects\\27.05.2020\\miscellenous-master\\NodeforFileEdit\\server.js": {"path":"C:\\Users\\503188394\\Projects\\27.05.2020\\miscellenous-master\\NodeforFileEdit\\server.js","statementMap":{"0":{"start":{"line":1,"column":13},"end":{"line":1,"column":28}},"1":{"start":{"line":2,"column":12},"end":{"line":2,"column":28}},"2":{"start":{"line":3,"column":0},"end":{"line":3,"column":14}},"3":{"start":{"line":4,"column":13},"end":{"line":11,"column":2}},"4":{"start":{"line":6,"column":13},"end":{"line":6,"column":37}},"5":{"start":{"line":8,"column":13},"end":{"line":8,"column":34}},"6":{"start":{"line":9,"column":2},"end":{"line":9,"column":66}},"7":{"start":{"line":12,"column":0},"end":{"line":12,"column":24}}},"fnMap":{"0":{"name":"(anonymous_0)","decl":{"start":{"line":4,"column":30},"end":{"line":4,"column":31}},"loc":{"start":{"line":4,"column":42},"end":{"line":11,"column":1}},"line":4}},"branchMap":{},"s":{"0":1,"1":1,"2":1,"3":1,"4":1,"5":1,"6":1,"7":1},"f":{"0":1},"b":{},"_coverageSchema":"1a1c01bbd47fc00a2c39e90264f33305004495a9","hash":"45b4a935347b66cdb67b5d82e7eaa0f70a379b15"}
,"C:\\Users\\503188394\\Projects\\27.05.2020\\miscellenous-master\\NodeforFileEdit\\controller\\file-editorController.js": {"path":"C:\\Users\\503188394\\Projects\\27.05.2020\\miscellenous-master\\NodeforFileEdit\\controller\\file-editorController.js","statementMap":{"0":{"start":{"line":1,"column":17},"end":{"line":1,"column":47}},"1":{"start":{"line":2,"column":14},"end":{"line":2,"column":28}},"2":{"start":{"line":5,"column":4},"end":{"line":7,"column":34}},"3":{"start":{"line":6,"column":20},"end":{"line":6,"column":34}},"4":{"start":{"line":7,"column":20},"end":{"line":7,"column":33}},"5":{"start":{"line":10,"column":23},"end":{"line":16,"column":3}},"6":{"start":{"line":11,"column":4},"end":{"line":14,"column":34}},"7":{"start":{"line":12,"column":20},"end":{"line":12,"column":34}},"8":{"start":{"line":14,"column":20},"end":{"line":14,"column":33}},"9":{"start":{"line":20,"column":0},"end":{"line":20,"column":38}}},"fnMap":{"0":{"name":"(anonymous_0)","decl":{"start":{"line":4,"column":2},"end":{"line":4,"column":3}},"loc":{"start":{"line":4,"column":32},"end":{"line":9,"column":3}},"line":4},"1":{"name":"(anonymous_1)","decl":{"start":{"line":6,"column":12},"end":{"line":6,"column":13}},"loc":{"start":{"line":6,"column":20},"end":{"line":6,"column":34}},"line":6},"2":{"name":"(anonymous_2)","decl":{"start":{"line":7,"column":13},"end":{"line":7,"column":14}},"loc":{"start":{"line":7,"column":20},"end":{"line":7,"column":33}},"line":7},"3":{"name":"(anonymous_3)","decl":{"start":{"line":10,"column":23},"end":{"line":10,"column":24}},"loc":{"start":{"line":10,"column":37},"end":{"line":16,"column":3}},"line":10},"4":{"name":"(anonymous_4)","decl":{"start":{"line":12,"column":12},"end":{"line":12,"column":13}},"loc":{"start":{"line":12,"column":20},"end":{"line":12,"column":34}},"line":12},"5":{"name":"(anonymous_5)","decl":{"start":{"line":14,"column":13},"end":{"line":14,"column":14}},"loc":{"start":{"line":14,"column":20},"end":{"line":14,"column":33}},"line":14}},"branchMap":{},"s":{"0":2,"1":2,"2":3,"3":1,"4":1,"5":2,"6":3,"7":1,"8":1,"9":2},"f":{"0":3,"1":1,"2":1,"3":3,"4":1,"5":1},"b":{},"_coverageSchema":"1a1c01bbd47fc00a2c39e90264f33305004495a9","hash":"c074c0b5173bd6d0dc52dc87975c29d5665854ca"}
,"C:\\Users\\503188394\\Projects\\27.05.2020\\miscellenous-master\\NodeforFileEdit\\service\\fileutil.js": {"path":"C:\\Users\\503188394\\Projects\\27.05.2020\\miscellenous-master\\NodeforFileEdit\\service\\fileutil.js","statementMap":{"0":{"start":{"line":1,"column":11},"end":{"line":1,"column":24}},"1":{"start":{"line":8,"column":23},"end":{"line":8,"column":25}},"2":{"start":{"line":9,"column":19},"end":{"line":9,"column":21}},"3":{"start":{"line":10,"column":4},"end":{"line":10,"column":29}},"4":{"start":{"line":12,"column":4},"end":{"line":15,"column":7}},"5":{"start":{"line":13,"column":17},"end":{"line":13,"column":51}},"6":{"start":{"line":14,"column":6},"end":{"line":14,"column":50}},"7":{"start":{"line":17,"column":4},"end":{"line":28,"column":6}},"8":{"start":{"line":18,"column":6},"end":{"line":26,"column":8}},"9":{"start":{"line":20,"column":8},"end":{"line":23,"column":9}},"10":{"start":{"line":22,"column":10},"end":{"line":22,"column":21}},"11":{"start":{"line":24,"column":8},"end":{"line":24,"column":29}},"12":{"start":{"line":32,"column":4},"end":{"line":41,"column":6}},"13":{"start":{"line":33,"column":6},"end":{"line":39,"column":8}},"14":{"start":{"line":34,"column":8},"end":{"line":36,"column":9}},"15":{"start":{"line":35,"column":10},"end":{"line":35,"column":21}},"16":{"start":{"line":37,"column":8},"end":{"line":37,"column":21}},"17":{"start":{"line":49,"column":0},"end":{"line":49,"column":26}}},"fnMap":{"0":{"name":"(anonymous_0)","decl":{"start":{"line":5,"column":2},"end":{"line":5,"column":3}},"loc":{"start":{"line":5,"column":16},"end":{"line":5,"column":19}},"line":5},"1":{"name":"(anonymous_1)","decl":{"start":{"line":7,"column":2},"end":{"line":7,"column":3}},"loc":{"start":{"line":7,"column":23},"end":{"line":29,"column":3}},"line":7},"2":{"name":"(anonymous_2)","decl":{"start":{"line":12,"column":21},"end":{"line":12,"column":22}},"loc":{"start":{"line":12,"column":32},"end":{"line":15,"column":5}},"line":12},"3":{"name":"(anonymous_3)","decl":{"start":{"line":17,"column":23},"end":{"line":17,"column":24}},"loc":{"start":{"line":17,"column":44},"end":{"line":28,"column":5}},"line":17},"4":{"name":"(anonymous_4)","decl":{"start":{"line":18,"column":43},"end":{"line":18,"column":44}},"loc":{"start":{"line":18,"column":58},"end":{"line":26,"column":7}},"line":18},"5":{"name":"(anonymous_5)","decl":{"start":{"line":31,"column":2},"end":{"line":31,"column":3}},"loc":{"start":{"line":31,"column":20},"end":{"line":43,"column":3}},"line":31},"6":{"name":"(anonymous_6)","decl":{"start":{"line":32,"column":23},"end":{"line":32,"column":24}},"loc":{"start":{"line":32,"column":44},"end":{"line":41,"column":5}},"line":32},"7":{"name":"(anonymous_7)","decl":{"start":{"line":33,"column":37},"end":{"line":33,"column":38}},"loc":{"start":{"line":33,"column":52},"end":{"line":39,"column":7}},"line":33}},"branchMap":{"0":{"loc":{"start":{"line":20,"column":8},"end":{"line":23,"column":9}},"type":"if","locations":[{"start":{"line":20,"column":8},"end":{"line":23,"column":9}},{"start":{"line":20,"column":8},"end":{"line":23,"column":9}}],"line":20},"1":{"loc":{"start":{"line":34,"column":8},"end":{"line":36,"column":9}},"type":"if","locations":[{"start":{"line":34,"column":8},"end":{"line":36,"column":9}},{"start":{"line":34,"column":8},"end":{"line":36,"column":9}}],"line":34}},"s":{"0":3,"1":5,"2":5,"3":5,"4":4,"5":8,"6":8,"7":4,"8":4,"9":4,"10":2,"11":4,"12":5,"13":5,"14":4,"15":2,"16":4,"17":3},"f":{"0":5,"1":5,"2":8,"3":4,"4":4,"5":5,"6":5,"7":4},"b":{"0":[2,2],"1":[2,2]},"_coverageSchema":"1a1c01bbd47fc00a2c39e90264f33305004495a9","hash":"896f0beb1e5f8c96f9ebd846fe97c9613f865903"}
}
