{"C:\\Users\\503188394\\Projects\\27.05.2020\\miscellenous-master\\NodeforFileEdit\\app.js": {"path":"C:\\Users\\503188394\\Projects\\27.05.2020\\miscellenous-master\\NodeforFileEdit\\app.js","statementMap":{"0":{"start":{"line":1,"column":16},"end":{"line":1,"column":34}},"1":{"start":{"line":2,"column":19},"end":{"line":2,"column":41}},"2":{"start":{"line":3,"column":12},"end":{"line":3,"column":21}},"3":{"start":{"line":4,"column":0},"end":{"line":4,"column":52}},"4":{"start":{"line":5,"column":0},"end":{"line":5,"column":27}},"5":{"start":{"line":6,"column":0},"end":{"line":11,"column":3}},"6":{"start":{"line":7,"column":2},"end":{"line":7,"column":49}},"7":{"start":{"line":8,"column":2},"end":{"line":8,"column":95}},"8":{"start":{"line":9,"column":2},"end":{"line":9,"column":9}},"9":{"start":{"line":13,"column":23},"end":{"line":13,"column":71}},"10":{"start":{"line":14,"column":17},"end":{"line":14,"column":37}},"11":{"start":{"line":16,"column":0},"end":{"line":16,"column":44}},"12":{"start":{"line":18,"column":0},"end":{"line":18,"column":50}},"13":{"start":{"line":21,"column":0},"end":{"line":21,"column":21}}},"fnMap":{"0":{"name":"(anonymous_0)","decl":{"start":{"line":6,"column":8},"end":{"line":6,"column":9}},"loc":{"start":{"line":6,"column":34},"end":{"line":11,"column":1}},"line":6}},"branchMap":{},"s":{"0":1,"1":1,"2":1,"3":1,"4":1,"5":1,"6":0,"7":0,"8":0,"9":1,"10":1,"11":1,"12":1,"13":1},"f":{"0":0},"b":{},"_coverageSchema":"1a1c01bbd47fc00a2c39e90264f33305004495a9","hash":"0a2991bf460bf9224d61b2b3c22e5b3f96ed4cfc"}
,"C:\\Users\\503188394\\Projects\\27.05.2020\\miscellenous-master\\NodeforFileEdit\\server.js": {"path":"C:\\Users\\503188394\\Projects\\27.05.2020\\miscellenous-master\\NodeforFileEdit\\server.js","statementMap":{"0":{"start":{"line":1,"column":12},"end":{"line":1,"column":28}},"1":{"start":{"line":3,"column":13},"end":{"line":10,"column":2}},"2":{"start":{"line":5,"column":13},"end":{"line":5,"column":37}},"3":{"start":{"line":7,"column":13},"end":{"line":7,"column":34}},"4":{"start":{"line":8,"column":2},"end":{"line":8,"column":66}},"5":{"start":{"line":11,"column":0},"end":{"line":11,"column":24}}},"fnMap":{"0":{"name":"(anonymous_0)","decl":{"start":{"line":3,"column":30},"end":{"line":3,"column":31}},"loc":{"start":{"line":3,"column":42},"end":{"line":10,"column":1}},"line":3}},"branchMap":{},"s":{"0":1,"1":1,"2":0,"3":0,"4":0,"5":1},"f":{"0":0},"b":{},"_coverageSchema":"1a1c01bbd47fc00a2c39e90264f33305004495a9","hash":"2f6d2166d5665861c1f3c8ac07676925136e42b5"}
,"C:\\Users\\503188394\\Projects\\27.05.2020\\miscellenous-master\\NodeforFileEdit\\controller\\file-editorController.js": {"path":"C:\\Users\\503188394\\Projects\\27.05.2020\\miscellenous-master\\NodeforFileEdit\\controller\\file-editorController.js","statementMap":{"0":{"start":{"line":3,"column":17},"end":{"line":3,"column":47}},"1":{"start":{"line":4,"column":14},"end":{"line":4,"column":28}},"2":{"start":{"line":6,"column":2},"end":{"line":6,"column":31}},"3":{"start":{"line":7,"column":2},"end":{"line":11,"column":28}},"4":{"start":{"line":9,"column":13},"end":{"line":9,"column":27}},"5":{"start":{"line":11,"column":14},"end":{"line":11,"column":27}},"6":{"start":{"line":16,"column":20},"end":{"line":29,"column":1}},"7":{"start":{"line":17,"column":2},"end":{"line":17,"column":44}},"8":{"start":{"line":18,"column":17},"end":{"line":18,"column":47}},"9":{"start":{"line":19,"column":14},"end":{"line":19,"column":28}},"10":{"start":{"line":21,"column":2},"end":{"line":21,"column":28}},"11":{"start":{"line":23,"column":0},"end":{"line":27,"column":28}},"12":{"start":{"line":25,"column":13},"end":{"line":25,"column":27}},"13":{"start":{"line":27,"column":14},"end":{"line":27,"column":27}},"14":{"start":{"line":33,"column":0},"end":{"line":33,"column":36}}},"fnMap":{"0":{"name":"(anonymous_0)","decl":{"start":{"line":2,"column":2},"end":{"line":2,"column":3}},"loc":{"start":{"line":2,"column":34},"end":{"line":15,"column":1}},"line":2},"1":{"name":"(anonymous_1)","decl":{"start":{"line":9,"column":6},"end":{"line":9,"column":7}},"loc":{"start":{"line":9,"column":13},"end":{"line":9,"column":27}},"line":9},"2":{"name":"(anonymous_2)","decl":{"start":{"line":11,"column":7},"end":{"line":11,"column":8}},"loc":{"start":{"line":11,"column":14},"end":{"line":11,"column":27}},"line":11},"3":{"name":"(anonymous_3)","decl":{"start":{"line":16,"column":20},"end":{"line":16,"column":21}},"loc":{"start":{"line":16,"column":34},"end":{"line":29,"column":1}},"line":16},"4":{"name":"(anonymous_4)","decl":{"start":{"line":25,"column":6},"end":{"line":25,"column":7}},"loc":{"start":{"line":25,"column":13},"end":{"line":25,"column":27}},"line":25},"5":{"name":"(anonymous_5)","decl":{"start":{"line":27,"column":7},"end":{"line":27,"column":8}},"loc":{"start":{"line":27,"column":14},"end":{"line":27,"column":27}},"line":27}},"branchMap":{},"s":{"0":2,"1":2,"2":2,"3":2,"4":1,"5":1,"6":2,"7":2,"8":2,"9":2,"10":2,"11":2,"12":1,"13":1,"14":2},"f":{"0":2,"1":1,"2":1,"3":2,"4":1,"5":1},"b":{},"_coverageSchema":"1a1c01bbd47fc00a2c39e90264f33305004495a9","hash":"ea00cbbe8184e39a460404d86d79bf7a523fb053"}
,"C:\\Users\\503188394\\Projects\\27.05.2020\\miscellenous-master\\NodeforFileEdit\\service\\fileutil.js": {"path":"C:\\Users\\503188394\\Projects\\27.05.2020\\miscellenous-master\\NodeforFileEdit\\service\\fileutil.js","statementMap":{"0":{"start":{"line":7,"column":13},"end":{"line":7,"column":26}},"1":{"start":{"line":11,"column":17},"end":{"line":11,"column":19}},"2":{"start":{"line":12,"column":13},"end":{"line":12,"column":15}},"3":{"start":{"line":13,"column":2},"end":{"line":13,"column":30}},"4":{"start":{"line":14,"column":2},"end":{"line":14,"column":28}},"5":{"start":{"line":15,"column":2},"end":{"line":15,"column":28}},"6":{"start":{"line":16,"column":2},"end":{"line":20,"column":5}},"7":{"start":{"line":17,"column":4},"end":{"line":17,"column":30}},"8":{"start":{"line":18,"column":14},"end":{"line":18,"column":44}},"9":{"start":{"line":19,"column":4},"end":{"line":19,"column":42}},"10":{"start":{"line":21,"column":2},"end":{"line":21,"column":27}},"11":{"start":{"line":22,"column":2},"end":{"line":40,"column":4}},"12":{"start":{"line":24,"column":4},"end":{"line":38,"column":6}},"13":{"start":{"line":26,"column":6},"end":{"line":32,"column":7}},"14":{"start":{"line":28,"column":8},"end":{"line":28,"column":20}},"15":{"start":{"line":30,"column":8},"end":{"line":30,"column":14}},"16":{"start":{"line":34,"column":6},"end":{"line":34,"column":24}},"17":{"start":{"line":36,"column":6},"end":{"line":36,"column":27}},"18":{"start":{"line":44,"column":13},"end":{"line":44,"column":26}},"19":{"start":{"line":45,"column":21},"end":{"line":45,"column":43}},"20":{"start":{"line":47,"column":2},"end":{"line":65,"column":4}},"21":{"start":{"line":49,"column":4},"end":{"line":63,"column":6}},"22":{"start":{"line":51,"column":6},"end":{"line":57,"column":7}},"23":{"start":{"line":53,"column":8},"end":{"line":53,"column":20}},"24":{"start":{"line":55,"column":8},"end":{"line":55,"column":14}},"25":{"start":{"line":59,"column":6},"end":{"line":59,"column":24}},"26":{"start":{"line":61,"column":6},"end":{"line":61,"column":19}},"27":{"start":{"line":73,"column":0},"end":{"line":73,"column":24}}},"fnMap":{"0":{"name":"(anonymous_0)","decl":{"start":{"line":4,"column":2},"end":{"line":4,"column":3}},"loc":{"start":{"line":4,"column":15},"end":{"line":4,"column":17}},"line":4},"1":{"name":"(anonymous_1)","decl":{"start":{"line":6,"column":0},"end":{"line":6,"column":1}},"loc":{"start":{"line":6,"column":19},"end":{"line":41,"column":1}},"line":6},"2":{"name":"(anonymous_2)","decl":{"start":{"line":16,"column":19},"end":{"line":16,"column":20}},"loc":{"start":{"line":16,"column":30},"end":{"line":20,"column":3}},"line":16},"3":{"name":"(anonymous_3)","decl":{"start":{"line":22,"column":21},"end":{"line":22,"column":22}},"loc":{"start":{"line":22,"column":42},"end":{"line":40,"column":3}},"line":22},"4":{"name":"(anonymous_4)","decl":{"start":{"line":24,"column":40},"end":{"line":24,"column":41}},"loc":{"start":{"line":24,"column":55},"end":{"line":38,"column":5}},"line":24},"5":{"name":"(anonymous_5)","decl":{"start":{"line":43,"column":0},"end":{"line":43,"column":1}},"loc":{"start":{"line":43,"column":19},"end":{"line":67,"column":1}},"line":43},"6":{"name":"(anonymous_6)","decl":{"start":{"line":47,"column":21},"end":{"line":47,"column":22}},"loc":{"start":{"line":47,"column":42},"end":{"line":65,"column":3}},"line":47},"7":{"name":"(anonymous_7)","decl":{"start":{"line":49,"column":34},"end":{"line":49,"column":35}},"loc":{"start":{"line":49,"column":49},"end":{"line":63,"column":5}},"line":49}},"branchMap":{"0":{"loc":{"start":{"line":26,"column":6},"end":{"line":32,"column":7}},"type":"if","locations":[{"start":{"line":26,"column":6},"end":{"line":32,"column":7}},{"start":{"line":26,"column":6},"end":{"line":32,"column":7}}],"line":26},"1":{"loc":{"start":{"line":51,"column":6},"end":{"line":57,"column":7}},"type":"if","locations":[{"start":{"line":51,"column":6},"end":{"line":57,"column":7}},{"start":{"line":51,"column":6},"end":{"line":57,"column":7}}],"line":51}},"s":{"0":4,"1":4,"2":4,"3":4,"4":4,"5":4,"6":4,"7":8,"8":8,"9":8,"10":4,"11":4,"12":4,"13":4,"14":2,"15":2,"16":2,"17":2,"18":4,"19":4,"20":4,"21":4,"22":4,"23":2,"24":2,"25":2,"26":2,"27":2},"f":{"0":6,"1":4,"2":8,"3":4,"4":4,"5":4,"6":4,"7":4},"b":{"0":[2,2],"1":[2,2]},"_coverageSchema":"1a1c01bbd47fc00a2c39e90264f33305004495a9","hash":"46d0970ecf0fb229c0e65d3449435090ac1a772d"}
}
