TN:
SF:app.js
FN:6,(anonymous_0)
FNF:1
FNH:0
FNDA:0,(anonymous_0)
DA:1,1
DA:2,1
DA:3,1
DA:4,1
DA:5,1
DA:6,1
DA:7,0
DA:8,0
DA:9,0
DA:13,1
DA:14,1
DA:16,1
DA:18,1
DA:21,1
LF:14
LH:11
BRF:0
BRH:0
end_of_record
TN:
SF:server.js
FN:3,(anonymous_0)
FNF:1
FNH:0
FNDA:0,(anonymous_0)
DA:1,1
DA:3,1
DA:5,0
DA:7,0
DA:8,0
DA:11,1
LF:6
LH:3
BRF:0
BRH:0
end_of_record
TN:
SF:controller\file-editorController.js
FN:2,(anonymous_0)
FN:9,(anonymous_1)
FN:11,(anonymous_2)
FN:16,(anonymous_3)
FN:25,(anonymous_4)
FN:27,(anonymous_5)
FNF:6
FNH:6
FNDA:2,(anonymous_0)
FNDA:1,(anonymous_1)
FNDA:1,(anonymous_2)
FNDA:2,(anonymous_3)
FNDA:1,(anonymous_4)
FNDA:1,(anonymous_5)
DA:3,2
DA:4,2
DA:6,2
DA:7,2
DA:9,1
DA:11,1
DA:16,2
DA:17,2
DA:18,2
DA:19,2
DA:21,2
DA:23,2
DA:25,1
DA:27,1
DA:33,2
LF:15
LH:15
BRF:0
BRH:0
end_of_record
TN:
SF:service\fileutil.js
FN:4,(anonymous_0)
FN:6,(anonymous_1)
FN:16,(anonymous_2)
FN:22,(anonymous_3)
FN:24,(anonymous_4)
FN:43,(anonymous_5)
FN:47,(anonymous_6)
FN:49,(anonymous_7)
FNF:8
FNH:8
FNDA:6,(anonymous_0)
FNDA:4,(anonymous_1)
FNDA:8,(anonymous_2)
FNDA:4,(anonymous_3)
FNDA:4,(anonymous_4)
FNDA:4,(anonymous_5)
FNDA:4,(anonymous_6)
FNDA:4,(anonymous_7)
DA:7,4
DA:11,4
DA:12,4
DA:13,4
DA:14,4
DA:15,4
DA:16,4
DA:17,8
DA:18,8
DA:19,8
DA:21,4
DA:22,4
DA:24,4
DA:26,4
DA:28,2
DA:30,2
DA:34,2
DA:36,2
DA:44,4
DA:45,4
DA:47,4
DA:49,4
DA:51,4
DA:53,2
DA:55,2
DA:59,2
DA:61,2
DA:73,2
LF:28
LH:28
BRDA:26,0,0,2
BRDA:26,0,1,2
BRDA:51,1,0,2
BRDA:51,1,1,2
BRF:4
BRH:4
end_of_record
